{"/app/src/app.js": {"path":"/app/src/app.js","statementMap":{"0":{"start":{"line":14,"column":12},"end":{"line":14,"column":21}},"1":{"start":{"line":17,"column":0},"end":{"line":20,"column":3}},"2":{"start":{"line":18,"column":2},"end":{"line":18,"column":59}},"3":{"start":{"line":19,"column":2},"end":{"line":19,"column":18}},"4":{"start":{"line":23,"column":0},"end":{"line":28,"column":2}},"5":{"start":{"line":30,"column":0},"end":{"line":30,"column":24}},"6":{"start":{"line":31,"column":0},"end":{"line":31,"column":23}},"7":{"start":{"line":32,"column":0},"end":{"line":32,"column":24}},"8":{"start":{"line":35,"column":0},"end":{"line":62,"column":3}},"9":{"start":{"line":36,"column":2},"end":{"line":45,"column":3}},"10":{"start":{"line":37,"column":18},"end":{"line":37,"column":42}},"11":{"start":{"line":38,"column":4},"end":{"line":43,"column":5}},"12":{"start":{"line":39,"column":6},"end":{"line":42,"column":9}},"13":{"start":{"line":44,"column":4},"end":{"line":44,"column":27}},"14":{"start":{"line":47,"column":2},"end":{"line":52,"column":3}},"15":{"start":{"line":48,"column":4},"end":{"line":51,"column":7}},"16":{"start":{"line":54,"column":2},"end":{"line":59,"column":3}},"17":{"start":{"line":55,"column":4},"end":{"line":58,"column":7}},"18":{"start":{"line":61,"column":2},"end":{"line":61,"column":9}},"19":{"start":{"line":65,"column":0},"end":{"line":65,"column":33}},"20":{"start":{"line":66,"column":0},"end":{"line":66,"column":28}},"21":{"start":{"line":67,"column":0},"end":{"line":67,"column":41}},"22":{"start":{"line":68,"column":0},"end":{"line":68,"column":40}},"23":{"start":{"line":71,"column":0},"end":{"line":93,"column":3}},"24":{"start":{"line":72,"column":2},"end":{"line":72,"column":40}},"25":{"start":{"line":74,"column":2},"end":{"line":80,"column":3}},"26":{"start":{"line":75,"column":4},"end":{"line":79,"column":7}},"27":{"start":{"line":82,"column":2},"end":{"line":87,"column":3}},"28":{"start":{"line":83,"column":4},"end":{"line":86,"column":7}},"29":{"start":{"line":89,"column":2},"end":{"line":92,"column":5}},"30":{"start":{"line":96,"column":0},"end":{"line":103,"column":1}},"31":{"start":{"line":97,"column":15},"end":{"line":97,"column":35}},"32":{"start":{"line":98,"column":2},"end":{"line":98,"column":41}},"33":{"start":{"line":100,"column":2},"end":{"line":102,"column":5}},"34":{"start":{"line":101,"column":4},"end":{"line":101,"column":63}}},"fnMap":{"0":{"name":"(anonymous_0)","decl":{"start":{"line":17,"column":18},"end":{"line":17,"column":19}},"loc":{"start":{"line":17,"column":25},"end":{"line":20,"column":1}},"line":17},"1":{"name":"(anonymous_1)","decl":{"start":{"line":35,"column":25},"end":{"line":35,"column":26}},"loc":{"start":{"line":35,"column":45},"end":{"line":62,"column":1}},"line":35},"2":{"name":"(anonymous_2)","decl":{"start":{"line":71,"column":8},"end":{"line":71,"column":9}},"loc":{"start":{"line":71,"column":33},"end":{"line":93,"column":1}},"line":71},"3":{"name":"(anonymous_3)","decl":{"start":{"line":100,"column":15},"end":{"line":100,"column":16}},"loc":{"start":{"line":100,"column":29},"end":{"line":102,"column":3}},"line":100}},"branchMap":{"0":{"loc":{"start":{"line":36,"column":2},"end":{"line":45,"column":3}},"type":"if","locations":[{"start":{"line":36,"column":2},"end":{"line":45,"column":3}},{"start":{},"end":{}}],"line":36},"1":{"loc":{"start":{"line":38,"column":4},"end":{"line":43,"column":5}},"type":"if","locations":[{"start":{"line":38,"column":4},"end":{"line":43,"column":5}},{"start":{},"end":{}}],"line":38},"2":{"loc":{"start":{"line":47,"column":2},"end":{"line":52,"column":3}},"type":"if","locations":[{"start":{"line":47,"column":2},"end":{"line":52,"column":3}},{"start":{},"end":{}}],"line":47},"3":{"loc":{"start":{"line":47,"column":6},"end":{"line":47,"column":117}},"type":"binary-expr","locations":[{"start":{"line":47,"column":6},"end":{"line":47,"column":22}},{"start":{"line":47,"column":26},"end":{"line":47,"column":117}}],"line":47},"4":{"loc":{"start":{"line":54,"column":2},"end":{"line":59,"column":3}},"type":"if","locations":[{"start":{"line":54,"column":2},"end":{"line":59,"column":3}},{"start":{},"end":{}}],"line":54},"5":{"loc":{"start":{"line":54,"column":6},"end":{"line":54,"column":71}},"type":"binary-expr","locations":[{"start":{"line":54,"column":6},"end":{"line":54,"column":30}},{"start":{"line":54,"column":35},"end":{"line":54,"column":51}},{"start":{"line":54,"column":55},"end":{"line":54,"column":70}}],"line":54},"6":{"loc":{"start":{"line":74,"column":2},"end":{"line":80,"column":3}},"type":"if","locations":[{"start":{"line":74,"column":2},"end":{"line":80,"column":3}},{"start":{},"end":{}}],"line":74},"7":{"loc":{"start":{"line":82,"column":2},"end":{"line":87,"column":3}},"type":"if","locations":[{"start":{"line":82,"column":2},"end":{"line":87,"column":3}},{"start":{},"end":{}}],"line":82},"8":{"loc":{"start":{"line":82,"column":6},"end":{"line":82,"column":71}},"type":"binary-expr","locations":[{"start":{"line":82,"column":6},"end":{"line":82,"column":37}},{"start":{"line":82,"column":41},"end":{"line":82,"column":71}}],"line":82},"9":{"loc":{"start":{"line":96,"column":0},"end":{"line":103,"column":1}},"type":"if","locations":[{"start":{"line":96,"column":0},"end":{"line":103,"column":1}},{"start":{},"end":{}}],"line":96}},"s":{"0":0,"1":0,"2":0,"3":0,"4":0,"5":0,"6":0,"7":0,"8":0,"9":0,"10":0,"11":0,"12":0,"13":0,"14":0,"15":0,"16":0,"17":0,"18":0,"19":0,"20":0,"21":0,"22":0,"23":0,"24":0,"25":0,"26":0,"27":0,"28":0,"29":0,"30":0,"31":0,"32":0,"33":0,"34":0},"f":{"0":0,"1":0,"2":0,"3":0},"b":{"0":[0,0],"1":[0,0],"2":[0,0],"3":[0,0],"4":[0,0],"5":[0,0,0],"6":[0,0],"7":[0,0],"8":[0,0],"9":[0,0]}}
,"/app/src/config.js": {"path":"/app/src/config.js","statementMap":{"0":{"start":{"line":2,"column":20},"end":{"line":2,"column":44}},"1":{"start":{"line":3,"column":27},"end":{"line":3,"column":83}},"2":{"start":{"line":4,"column":28},"end":{"line":4,"column":64}},"3":{"start":{"line":5,"column":28},"end":{"line":5,"column":79}},"4":{"start":{"line":8,"column":31},"end":{"line":8,"column":84}}},"fnMap":{},"branchMap":{"0":{"loc":{"start":{"line":2,"column":20},"end":{"line":2,"column":44}},"type":"binary-expr","locations":[{"start":{"line":2,"column":20},"end":{"line":2,"column":36}},{"start":{"line":2,"column":40},"end":{"line":2,"column":44}}],"line":2},"1":{"loc":{"start":{"line":3,"column":27},"end":{"line":3,"column":83}},"type":"binary-expr","locations":[{"start":{"line":3,"column":27},"end":{"line":3,"column":50}},{"start":{"line":3,"column":54},"end":{"line":3,"column":83}}],"line":3},"2":{"loc":{"start":{"line":4,"column":28},"end":{"line":4,"column":64}},"type":"binary-expr","locations":[{"start":{"line":4,"column":28},"end":{"line":4,"column":52}},{"start":{"line":4,"column":56},"end":{"line":4,"column":64}}],"line":4},"3":{"loc":{"start":{"line":5,"column":28},"end":{"line":5,"column":79}},"type":"binary-expr","locations":[{"start":{"line":5,"column":28},"end":{"line":5,"column":52}},{"start":{"line":5,"column":56},"end":{"line":5,"column":79}}],"line":5},"4":{"loc":{"start":{"line":8,"column":31},"end":{"line":8,"column":84}},"type":"binary-expr","locations":[{"start":{"line":8,"column":31},"end":{"line":8,"column":58}},{"start":{"line":8,"column":62},"end":{"line":8,"column":84}}],"line":8}},"s":{"0":1,"1":1,"2":1,"3":1,"4":1},"f":{},"b":{"0":[1,1],"1":[1,1],"2":[1,1],"3":[1,1],"4":[1,1]},"_coverageSchema":"1a1c01bbd47fc00a2c39e90264f33305004495a9","hash":"a53b29cf0474d4ae8c6680edeedefd34c03618fd"}
,"/app/src/db.js": {"path":"/app/src/db.js","statementMap":{"0":{"start":{"line":3,"column":25},"end":{"line":10,"column":1}},"1":{"start":{"line":4,"column":2},"end":{"line":9,"column":3}},"2":{"start":{"line":5,"column":4},"end":{"line":5,"column":109}},"3":{"start":{"line":6,"column":4},"end":{"line":6,"column":42}},"4":{"start":{"line":8,"column":4},"end":{"line":8,"column":25}}},"fnMap":{"0":{"name":"(anonymous_0)","decl":{"start":{"line":3,"column":25},"end":{"line":3,"column":26}},"loc":{"start":{"line":3,"column":37},"end":{"line":10,"column":1}},"line":3}},"branchMap":{},"s":{"0":0,"1":0,"2":0,"3":0,"4":0},"f":{"0":0},"b":{}}
,"/app/src/index.js": {"path":"/app/src/index.js","statementMap":{"0":{"start":{"line":2,"column":0},"end":{"line":2,"column":16}},"1":{"start":{"line":9,"column":2},"end":{"line":16,"column":3}},"2":{"start":{"line":10,"column":4},"end":{"line":10,"column":22}},"3":{"start":{"line":11,"column":4},"end":{"line":11,"column":21}},"4":{"start":{"line":12,"column":4},"end":{"line":12,"column":62}},"5":{"start":{"line":13,"column":4},"end":{"line":13,"column":56}},"6":{"start":{"line":15,"column":4},"end":{"line":15,"column":25}},"7":{"start":{"line":19,"column":0},"end":{"line":19,"column":7}}},"fnMap":{"0":{"name":"main","decl":{"start":{"line":8,"column":15},"end":{"line":8,"column":19}},"loc":{"start":{"line":8,"column":22},"end":{"line":17,"column":1}},"line":8}},"branchMap":{},"s":{"0":0,"1":0,"2":0,"3":0,"4":0,"5":0,"6":0,"7":0},"f":{"0":0},"b":{}}
,"/app/src/controllers/auth.controller.js": {"path":"/app/src/controllers/auth.controller.js","statementMap":{"0":{"start":{"line":7,"column":24},"end":{"line":51,"column":1}},"1":{"start":{"line":8,"column":2},"end":{"line":50,"column":3}},"2":{"start":{"line":9,"column":49},"end":{"line":9,"column":57}},"3":{"start":{"line":11,"column":22},"end":{"line":11,"column":51}},"4":{"start":{"line":13,"column":4},"end":{"line":16,"column":9}},"5":{"start":{"line":14,"column":6},"end":{"line":16,"column":9}},"6":{"start":{"line":19,"column":25},"end":{"line":19,"column":56}},"7":{"start":{"line":22,"column":20},"end":{"line":27,"column":6}},"8":{"start":{"line":30,"column":22},"end":{"line":30,"column":42}},"9":{"start":{"line":33,"column":18},"end":{"line":35,"column":6}},"10":{"start":{"line":37,"column":4},"end":{"line":41,"column":7}},"11":{"start":{"line":43,"column":4},"end":{"line":47,"column":7}},"12":{"start":{"line":49,"column":4},"end":{"line":49,"column":53}},"13":{"start":{"line":53,"column":21},"end":{"line":89,"column":1}},"14":{"start":{"line":54,"column":2},"end":{"line":88,"column":3}},"15":{"start":{"line":55,"column":32},"end":{"line":55,"column":40}},"16":{"start":{"line":56,"column":22},"end":{"line":56,"column":51}},"17":{"start":{"line":58,"column":4},"end":{"line":61,"column":9}},"18":{"start":{"line":59,"column":6},"end":{"line":61,"column":9}},"19":{"start":{"line":63,"column":20},"end":{"line":63,"column":70}},"20":{"start":{"line":64,"column":4},"end":{"line":68,"column":5}},"21":{"start":{"line":65,"column":6},"end":{"line":67,"column":9}},"22":{"start":{"line":70,"column":18},"end":{"line":73,"column":6}},"23":{"start":{"line":75,"column":4},"end":{"line":79,"column":7}},"24":{"start":{"line":81,"column":4},"end":{"line":85,"column":7}},"25":{"start":{"line":87,"column":4},"end":{"line":87,"column":60}},"26":{"start":{"line":91,"column":27},"end":{"line":107,"column":1}},"27":{"start":{"line":92,"column":20},"end":{"line":92,"column":31}},"28":{"start":{"line":93,"column":2},"end":{"line":93,"column":37}},"29":{"start":{"line":93,"column":14},"end":{"line":93,"column":37}},"30":{"start":{"line":95,"column":2},"end":{"line":106,"column":5}},"31":{"start":{"line":96,"column":4},"end":{"line":96,"column":42}},"32":{"start":{"line":96,"column":15},"end":{"line":96,"column":42}},"33":{"start":{"line":98,"column":22},"end":{"line":98,"column":50}},"34":{"start":{"line":99,"column":4},"end":{"line":99,"column":47}},"35":{"start":{"line":99,"column":20},"end":{"line":99,"column":47}},"36":{"start":{"line":101,"column":4},"end":{"line":105,"column":7}},"37":{"start":{"line":109,"column":22},"end":{"line":116,"column":1}},"38":{"start":{"line":110,"column":2},"end":{"line":114,"column":5}},"39":{"start":{"line":115,"column":2},"end":{"line":115,"column":29}}},"fnMap":{"0":{"name":"(anonymous_0)","decl":{"start":{"line":7,"column":24},"end":{"line":7,"column":25}},"loc":{"start":{"line":7,"column":44},"end":{"line":51,"column":1}},"line":7},"1":{"name":"(anonymous_1)","decl":{"start":{"line":53,"column":21},"end":{"line":53,"column":22}},"loc":{"start":{"line":53,"column":41},"end":{"line":89,"column":1}},"line":53},"2":{"name":"(anonymous_2)","decl":{"start":{"line":91,"column":27},"end":{"line":91,"column":28}},"loc":{"start":{"line":91,"column":47},"end":{"line":107,"column":1}},"line":91},"3":{"name":"(anonymous_3)","decl":{"start":{"line":95,"column":34},"end":{"line":95,"column":35}},"loc":{"start":{"line":95,"column":57},"end":{"line":106,"column":3}},"line":95},"4":{"name":"(anonymous_4)","decl":{"start":{"line":109,"column":22},"end":{"line":109,"column":23}},"loc":{"start":{"line":109,"column":42},"end":{"line":116,"column":1}},"line":109}},"branchMap":{"0":{"loc":{"start":{"line":13,"column":4},"end":{"line":16,"column":9}},"type":"if","locations":[{"start":{"line":13,"column":4},"end":{"line":16,"column":9}},{"start":{},"end":{}}],"line":13},"1":{"loc":{"start":{"line":58,"column":4},"end":{"line":61,"column":9}},"type":"if","locations":[{"start":{"line":58,"column":4},"end":{"line":61,"column":9}},{"start":{},"end":{}}],"line":58},"2":{"loc":{"start":{"line":64,"column":4},"end":{"line":68,"column":5}},"type":"if","locations":[{"start":{"line":64,"column":4},"end":{"line":68,"column":5}},{"start":{},"end":{}}],"line":64},"3":{"loc":{"start":{"line":93,"column":2},"end":{"line":93,"column":37}},"type":"if","locations":[{"start":{"line":93,"column":2},"end":{"line":93,"column":37}},{"start":{},"end":{}}],"line":93},"4":{"loc":{"start":{"line":96,"column":4},"end":{"line":96,"column":42}},"type":"if","locations":[{"start":{"line":96,"column":4},"end":{"line":96,"column":42}},{"start":{},"end":{}}],"line":96},"5":{"loc":{"start":{"line":99,"column":4},"end":{"line":99,"column":47}},"type":"if","locations":[{"start":{"line":99,"column":4},"end":{"line":99,"column":47}},{"start":{},"end":{}}],"line":99}},"s":{"0":0,"1":0,"2":0,"3":0,"4":0,"5":0,"6":0,"7":0,"8":0,"9":0,"10":0,"11":0,"12":0,"13":0,"14":0,"15":0,"16":0,"17":0,"18":0,"19":0,"20":0,"21":0,"22":0,"23":0,"24":0,"25":0,"26":0,"27":0,"28":0,"29":0,"30":0,"31":0,"32":0,"33":0,"34":0,"35":0,"36":0,"37":0,"38":0,"39":0},"f":{"0":0,"1":0,"2":0,"3":0,"4":0},"b":{"0":[0,0],"1":[0,0],"2":[0,0],"3":[0,0],"4":[0,0],"5":[0,0]}}
,"/app/src/controllers/payment.controller.js": {"path":"/app/src/controllers/payment.controller.js","statementMap":{"0":{"start":{"line":4,"column":17},"end":{"line":4,"column":72}},"1":{"start":{"line":5,"column":19},"end":{"line":5,"column":43}},"2":{"start":{"line":7,"column":32},"end":{"line":39,"column":1}},"3":{"start":{"line":8,"column":2},"end":{"line":38,"column":3}},"4":{"start":{"line":9,"column":54},"end":{"line":9,"column":62}},"5":{"start":{"line":11,"column":30},"end":{"line":30,"column":5}},"6":{"start":{"line":32,"column":21},"end":{"line":32,"column":63}},"7":{"start":{"line":34,"column":4},"end":{"line":34,"column":49}},"8":{"start":{"line":36,"column":4},"end":{"line":36,"column":67}},"9":{"start":{"line":37,"column":4},"end":{"line":37,"column":75}},"10":{"start":{"line":41,"column":30},"end":{"line":53,"column":1}},"11":{"start":{"line":42,"column":2},"end":{"line":52,"column":3}},"12":{"start":{"line":43,"column":20},"end":{"line":43,"column":41}},"13":{"start":{"line":44,"column":21},"end":{"line":44,"column":61}},"14":{"start":{"line":46,"column":4},"end":{"line":46,"column":54}},"15":{"start":{"line":48,"column":4},"end":{"line":48,"column":48}},"16":{"start":{"line":50,"column":4},"end":{"line":50,"column":54}},"17":{"start":{"line":51,"column":4},"end":{"line":51,"column":69}}},"fnMap":{"0":{"name":"(anonymous_0)","decl":{"start":{"line":7,"column":32},"end":{"line":7,"column":33}},"loc":{"start":{"line":7,"column":52},"end":{"line":39,"column":1}},"line":7},"1":{"name":"(anonymous_1)","decl":{"start":{"line":41,"column":30},"end":{"line":41,"column":31}},"loc":{"start":{"line":41,"column":50},"end":{"line":53,"column":1}},"line":41}},"branchMap":{},"s":{"0":1,"1":1,"2":1,"3":0,"4":0,"5":0,"6":0,"7":0,"8":0,"9":0,"10":1,"11":2,"12":2,"13":0,"14":0,"15":0,"16":2,"17":2},"f":{"0":0,"1":2},"b":{},"_coverageSchema":"1a1c01bbd47fc00a2c39e90264f33305004495a9","hash":"0a3a30431fe9b400af75bd6ff6f612e8d6b25cf0"}
,"/app/src/controllers/reserva.controller.js": {"path":"/app/src/controllers/reserva.controller.js","statementMap":{"0":{"start":{"line":4,"column":23},"end":{"line":8,"column":1}},"1":{"start":{"line":11,"column":23},"end":{"line":13,"column":1}},"2":{"start":{"line":12,"column":2},"end":{"line":12,"column":43}},"3":{"start":{"line":16,"column":23},"end":{"line":42,"column":1}},"4":{"start":{"line":17,"column":2},"end":{"line":41,"column":3}},"5":{"start":{"line":18,"column":4},"end":{"line":23,"column":5}},"6":{"start":{"line":19,"column":6},"end":{"line":22,"column":9}},"7":{"start":{"line":25,"column":25},"end":{"line":25,"column":49}},"8":{"start":{"line":26,"column":4},"end":{"line":31,"column":5}},"9":{"start":{"line":27,"column":6},"end":{"line":30,"column":9}},"10":{"start":{"line":33,"column":4},"end":{"line":33,"column":36}},"11":{"start":{"line":34,"column":4},"end":{"line":34,"column":11}},"12":{"start":{"line":36,"column":4},"end":{"line":36,"column":53}},"13":{"start":{"line":37,"column":4},"end":{"line":40,"column":7}},"14":{"start":{"line":44,"column":28},"end":{"line":91,"column":1}},"15":{"start":{"line":45,"column":2},"end":{"line":90,"column":3}},"16":{"start":{"line":47,"column":29},"end":{"line":52,"column":6}},"17":{"start":{"line":54,"column":4},"end":{"line":59,"column":5}},"18":{"start":{"line":55,"column":6},"end":{"line":58,"column":9}},"19":{"start":{"line":62,"column":25},"end":{"line":68,"column":6}},"20":{"start":{"line":70,"column":4},"end":{"line":70,"column":30}},"21":{"start":{"line":72,"column":4},"end":{"line":82,"column":7}},"22":{"start":{"line":85,"column":4},"end":{"line":85,"column":51}},"23":{"start":{"line":86,"column":4},"end":{"line":89,"column":7}},"24":{"start":{"line":93,"column":36},"end":{"line":189,"column":1}},"25":{"start":{"line":94,"column":2},"end":{"line":188,"column":3}},"26":{"start":{"line":96,"column":4},"end":{"line":101,"column":5}},"27":{"start":{"line":97,"column":6},"end":{"line":100,"column":9}},"28":{"start":{"line":104,"column":29},"end":{"line":109,"column":6}},"29":{"start":{"line":111,"column":4},"end":{"line":116,"column":5}},"30":{"start":{"line":112,"column":6},"end":{"line":115,"column":9}},"31":{"start":{"line":119,"column":25},"end":{"line":131,"column":6}},"32":{"start":{"line":133,"column":4},"end":{"line":133,"column":30}},"33":{"start":{"line":136,"column":4},"end":{"line":148,"column":7}},"34":{"start":{"line":183,"column":4},"end":{"line":183,"column":59}},"35":{"start":{"line":184,"column":4},"end":{"line":187,"column":7}}},"fnMap":{"0":{"name":"(anonymous_0)","decl":{"start":{"line":11,"column":23},"end":{"line":11,"column":24}},"loc":{"start":{"line":11,"column":41},"end":{"line":13,"column":1}},"line":11},"1":{"name":"(anonymous_1)","decl":{"start":{"line":16,"column":23},"end":{"line":16,"column":24}},"loc":{"start":{"line":16,"column":49},"end":{"line":42,"column":1}},"line":16},"2":{"name":"(anonymous_2)","decl":{"start":{"line":44,"column":28},"end":{"line":44,"column":29}},"loc":{"start":{"line":44,"column":48},"end":{"line":91,"column":1}},"line":44},"3":{"name":"(anonymous_3)","decl":{"start":{"line":93,"column":36},"end":{"line":93,"column":37}},"loc":{"start":{"line":93,"column":56},"end":{"line":189,"column":1}},"line":93}},"branchMap":{"0":{"loc":{"start":{"line":12,"column":9},"end":{"line":12,"column":42}},"type":"binary-expr","locations":[{"start":{"line":12,"column":9},"end":{"line":12,"column":37}},{"start":{"line":12,"column":41},"end":{"line":12,"column":42}}],"line":12},"1":{"loc":{"start":{"line":18,"column":4},"end":{"line":23,"column":5}},"type":"if","locations":[{"start":{"line":18,"column":4},"end":{"line":23,"column":5}},{"start":{},"end":{}}],"line":18},"2":{"loc":{"start":{"line":18,"column":8},"end":{"line":18,"column":64}},"type":"binary-expr","locations":[{"start":{"line":18,"column":8},"end":{"line":18,"column":23}},{"start":{"line":18,"column":27},"end":{"line":18,"column":44}},{"start":{"line":18,"column":48},"end":{"line":18,"column":64}}],"line":18},"3":{"loc":{"start":{"line":26,"column":4},"end":{"line":31,"column":5}},"type":"if","locations":[{"start":{"line":26,"column":4},"end":{"line":31,"column":5}},{"start":{},"end":{}}],"line":26},"4":{"loc":{"start":{"line":54,"column":4},"end":{"line":59,"column":5}},"type":"if","locations":[{"start":{"line":54,"column":4},"end":{"line":59,"column":5}},{"start":{},"end":{}}],"line":54},"5":{"loc":{"start":{"line":88,"column":15},"end":{"line":88,"column":59}},"type":"binary-expr","locations":[{"start":{"line":88,"column":15},"end":{"line":88,"column":28}},{"start":{"line":88,"column":32},"end":{"line":88,"column":59}}],"line":88},"6":{"loc":{"start":{"line":96,"column":4},"end":{"line":101,"column":5}},"type":"if","locations":[{"start":{"line":96,"column":4},"end":{"line":101,"column":5}},{"start":{},"end":{}}],"line":96},"7":{"loc":{"start":{"line":96,"column":8},"end":{"line":96,"column":43}},"type":"binary-expr","locations":[{"start":{"line":96,"column":8},"end":{"line":96,"column":24}},{"start":{"line":96,"column":28},"end":{"line":96,"column":43}}],"line":96},"8":{"loc":{"start":{"line":111,"column":4},"end":{"line":116,"column":5}},"type":"if","locations":[{"start":{"line":111,"column":4},"end":{"line":116,"column":5}},{"start":{},"end":{}}],"line":111},"9":{"loc":{"start":{"line":129,"column":18},"end":{"line":129,"column":43}},"type":"binary-expr","locations":[{"start":{"line":129,"column":18},"end":{"line":129,"column":35}},{"start":{"line":129,"column":39},"end":{"line":129,"column":43}}],"line":129},"10":{"loc":{"start":{"line":186,"column":15},"end":{"line":186,"column":59}},"type":"binary-expr","locations":[{"start":{"line":186,"column":15},"end":{"line":186,"column":28}},{"start":{"line":186,"column":32},"end":{"line":186,"column":59}}],"line":186}},"s":{"0":0,"1":0,"2":0,"3":0,"4":0,"5":0,"6":0,"7":0,"8":0,"9":0,"10":0,"11":0,"12":0,"13":0,"14":0,"15":0,"16":0,"17":0,"18":0,"19":0,"20":0,"21":0,"22":0,"23":0,"24":0,"25":0,"26":0,"27":0,"28":0,"29":0,"30":0,"31":0,"32":0,"33":0,"34":0,"35":0},"f":{"0":0,"1":0,"2":0,"3":0},"b":{"0":[0,0],"1":[0,0],"2":[0,0,0],"3":[0,0],"4":[0,0],"5":[0,0],"6":[0,0],"7":[0,0],"8":[0,0],"9":[0,0],"10":[0,0]}}
,"/app/src/controllers/tasks.controllers.js": {"path":"/app/src/controllers/tasks.controllers.js","statementMap":{"0":{"start":{"line":3,"column":24},"end":{"line":10,"column":1}},"1":{"start":{"line":4,"column":2},"end":{"line":9,"column":3}},"2":{"start":{"line":5,"column":18},"end":{"line":5,"column":74}},"3":{"start":{"line":6,"column":4},"end":{"line":6,"column":20}},"4":{"start":{"line":8,"column":4},"end":{"line":8,"column":60}},"5":{"start":{"line":12,"column":26},"end":{"line":26,"column":1}},"6":{"start":{"line":13,"column":2},"end":{"line":25,"column":3}},"7":{"start":{"line":14,"column":41},"end":{"line":14,"column":49}},"8":{"start":{"line":15,"column":20},"end":{"line":20,"column":6}},"9":{"start":{"line":21,"column":4},"end":{"line":21,"column":25}},"10":{"start":{"line":22,"column":4},"end":{"line":22,"column":22}},"11":{"start":{"line":24,"column":4},"end":{"line":24,"column":60}},"12":{"start":{"line":28,"column":26},"end":{"line":38,"column":1}},"13":{"start":{"line":29,"column":2},"end":{"line":37,"column":3}},"14":{"start":{"line":30,"column":24},"end":{"line":30,"column":67}},"15":{"start":{"line":31,"column":4},"end":{"line":32,"column":65}},"16":{"start":{"line":32,"column":6},"end":{"line":32,"column":65}},"17":{"start":{"line":34,"column":4},"end":{"line":34,"column":31}},"18":{"start":{"line":36,"column":4},"end":{"line":36,"column":60}},"19":{"start":{"line":40,"column":26},"end":{"line":52,"column":1}},"20":{"start":{"line":41,"column":2},"end":{"line":51,"column":3}},"21":{"start":{"line":42,"column":41},"end":{"line":42,"column":49}},"22":{"start":{"line":43,"column":24},"end":{"line":47,"column":5}},"23":{"start":{"line":48,"column":4},"end":{"line":48,"column":33}},"24":{"start":{"line":50,"column":4},"end":{"line":50,"column":60}},"25":{"start":{"line":54,"column":23},"end":{"line":62,"column":1}},"26":{"start":{"line":55,"column":2},"end":{"line":61,"column":3}},"27":{"start":{"line":56,"column":17},"end":{"line":56,"column":51}},"28":{"start":{"line":57,"column":4},"end":{"line":57,"column":74}},"29":{"start":{"line":57,"column":15},"end":{"line":57,"column":74}},"30":{"start":{"line":58,"column":4},"end":{"line":58,"column":26}},"31":{"start":{"line":60,"column":4},"end":{"line":60,"column":60}}},"fnMap":{"0":{"name":"(anonymous_0)","decl":{"start":{"line":3,"column":24},"end":{"line":3,"column":25}},"loc":{"start":{"line":3,"column":44},"end":{"line":10,"column":1}},"line":3},"1":{"name":"(anonymous_1)","decl":{"start":{"line":12,"column":26},"end":{"line":12,"column":27}},"loc":{"start":{"line":12,"column":46},"end":{"line":26,"column":1}},"line":12},"2":{"name":"(anonymous_2)","decl":{"start":{"line":28,"column":26},"end":{"line":28,"column":27}},"loc":{"start":{"line":28,"column":46},"end":{"line":38,"column":1}},"line":28},"3":{"name":"(anonymous_3)","decl":{"start":{"line":40,"column":26},"end":{"line":40,"column":27}},"loc":{"start":{"line":40,"column":46},"end":{"line":52,"column":1}},"line":40},"4":{"name":"(anonymous_4)","decl":{"start":{"line":54,"column":23},"end":{"line":54,"column":24}},"loc":{"start":{"line":54,"column":43},"end":{"line":62,"column":1}},"line":54}},"branchMap":{"0":{"loc":{"start":{"line":31,"column":4},"end":{"line":32,"column":65}},"type":"if","locations":[{"start":{"line":31,"column":4},"end":{"line":32,"column":65}},{"start":{},"end":{}}],"line":31},"1":{"loc":{"start":{"line":57,"column":4},"end":{"line":57,"column":74}},"type":"if","locations":[{"start":{"line":57,"column":4},"end":{"line":57,"column":74}},{"start":{},"end":{}}],"line":57}},"s":{"0":0,"1":0,"2":0,"3":0,"4":0,"5":0,"6":0,"7":0,"8":0,"9":0,"10":0,"11":0,"12":0,"13":0,"14":0,"15":0,"16":0,"17":0,"18":0,"19":0,"20":0,"21":0,"22":0,"23":0,"24":0,"25":0,"26":0,"27":0,"28":0,"29":0,"30":0,"31":0},"f":{"0":0,"1":0,"2":0,"3":0,"4":0},"b":{"0":[0,0],"1":[0,0]}}
,"/app/src/libs/jwt.js": {"path":"/app/src/libs/jwt.js","statementMap":{"0":{"start":{"line":5,"column":2},"end":{"line":10,"column":5}},"1":{"start":{"line":6,"column":4},"end":{"line":9,"column":7}},"2":{"start":{"line":7,"column":6},"end":{"line":7,"column":27}},"3":{"start":{"line":7,"column":15},"end":{"line":7,"column":27}},"4":{"start":{"line":8,"column":6},"end":{"line":8,"column":21}}},"fnMap":{"0":{"name":"createAccessToken","decl":{"start":{"line":4,"column":22},"end":{"line":4,"column":39}},"loc":{"start":{"line":4,"column":49},"end":{"line":11,"column":1}},"line":4},"1":{"name":"(anonymous_1)","decl":{"start":{"line":5,"column":21},"end":{"line":5,"column":22}},"loc":{"start":{"line":5,"column":42},"end":{"line":10,"column":3}},"line":5},"2":{"name":"(anonymous_2)","decl":{"start":{"line":6,"column":57},"end":{"line":6,"column":58}},"loc":{"start":{"line":6,"column":73},"end":{"line":9,"column":5}},"line":6}},"branchMap":{"0":{"loc":{"start":{"line":7,"column":6},"end":{"line":7,"column":27}},"type":"if","locations":[{"start":{"line":7,"column":6},"end":{"line":7,"column":27}},{"start":{},"end":{}}],"line":7}},"s":{"0":0,"1":0,"2":0,"3":0,"4":0},"f":{"0":0,"1":0,"2":0},"b":{"0":[0,0]}}
,"/app/src/middlewares/auth.middleware.js": {"path":"/app/src/middlewares/auth.middleware.js","statementMap":{"0":{"start":{"line":5,"column":20},"end":{"line":87,"column":1}},"1":{"start":{"line":7,"column":2},"end":{"line":31,"column":3}},"2":{"start":{"line":9,"column":23},"end":{"line":9,"column":48}},"3":{"start":{"line":10,"column":18},"end":{"line":12,"column":32}},"4":{"start":{"line":14,"column":4},"end":{"line":29,"column":5}},"5":{"start":{"line":15,"column":6},"end":{"line":28,"column":7}},"6":{"start":{"line":16,"column":24},"end":{"line":19,"column":10}},"7":{"start":{"line":21,"column":8},"end":{"line":24,"column":10}},"8":{"start":{"line":26,"column":8},"end":{"line":26,"column":67}},"9":{"start":{"line":30,"column":4},"end":{"line":30,"column":18}},"10":{"start":{"line":34,"column":2},"end":{"line":86,"column":3}},"11":{"start":{"line":35,"column":23},"end":{"line":35,"column":48}},"12":{"start":{"line":36,"column":18},"end":{"line":38,"column":32}},"13":{"start":{"line":40,"column":4},"end":{"line":51,"column":5}},"14":{"start":{"line":41,"column":6},"end":{"line":45,"column":9}},"15":{"start":{"line":46,"column":6},"end":{"line":50,"column":9}},"16":{"start":{"line":53,"column":20},"end":{"line":56,"column":6}},"17":{"start":{"line":58,"column":4},"end":{"line":60,"column":5}},"18":{"start":{"line":59,"column":6},"end":{"line":59,"column":70}},"19":{"start":{"line":62,"column":4},"end":{"line":68,"column":6}},"20":{"start":{"line":70,"column":4},"end":{"line":70,"column":11}},"21":{"start":{"line":72,"column":4},"end":{"line":72,"column":60}},"22":{"start":{"line":74,"column":18},"end":{"line":74,"column":42}},"23":{"start":{"line":75,"column":4},"end":{"line":79,"column":5}},"24":{"start":{"line":76,"column":6},"end":{"line":76,"column":33}},"25":{"start":{"line":77,"column":11},"end":{"line":79,"column":5}},"26":{"start":{"line":78,"column":6},"end":{"line":78,"column":33}},"27":{"start":{"line":81,"column":4},"end":{"line":85,"column":7}},"28":{"start":{"line":90,"column":27},"end":{"line":90,"column":31}}},"fnMap":{"0":{"name":"(anonymous_0)","decl":{"start":{"line":5,"column":20},"end":{"line":5,"column":21}},"loc":{"start":{"line":5,"column":40},"end":{"line":87,"column":1}},"line":5}},"branchMap":{"0":{"loc":{"start":{"line":7,"column":2},"end":{"line":31,"column":3}},"type":"if","locations":[{"start":{"line":7,"column":2},"end":{"line":31,"column":3}},{"start":{},"end":{}}],"line":7},"1":{"loc":{"start":{"line":7,"column":6},"end":{"line":7,"column":59}},"type":"binary-expr","locations":[{"start":{"line":7,"column":6},"end":{"line":7,"column":34}},{"start":{"line":7,"column":38},"end":{"line":7,"column":59}}],"line":7},"2":{"loc":{"start":{"line":10,"column":18},"end":{"line":12,"column":32}},"type":"binary-expr","locations":[{"start":{"line":10,"column":18},"end":{"line":10,"column":36}},{"start":{"line":11,"column":18},"end":{"line":11,"column":98}},{"start":{"line":12,"column":17},"end":{"line":12,"column":32}}],"line":10},"3":{"loc":{"start":{"line":11,"column":18},"end":{"line":11,"column":98}},"type":"cond-expr","locations":[{"start":{"line":11,"column":67},"end":{"line":11,"column":91}},{"start":{"line":11,"column":94},"end":{"line":11,"column":98}}],"line":11},"4":{"loc":{"start":{"line":11,"column":18},"end":{"line":11,"column":64}},"type":"binary-expr","locations":[{"start":{"line":11,"column":18},"end":{"line":11,"column":28}},{"start":{"line":11,"column":32},"end":{"line":11,"column":64}}],"line":11},"5":{"loc":{"start":{"line":14,"column":4},"end":{"line":29,"column":5}},"type":"if","locations":[{"start":{"line":14,"column":4},"end":{"line":29,"column":5}},{"start":{},"end":{}}],"line":14},"6":{"loc":{"start":{"line":23,"column":14},"end":{"line":23,"column":52}},"type":"binary-expr","locations":[{"start":{"line":23,"column":14},"end":{"line":23,"column":26}},{"start":{"line":23,"column":30},"end":{"line":23,"column":52}}],"line":23},"7":{"loc":{"start":{"line":36,"column":18},"end":{"line":38,"column":32}},"type":"binary-expr","locations":[{"start":{"line":36,"column":18},"end":{"line":36,"column":36}},{"start":{"line":37,"column":18},"end":{"line":37,"column":98}},{"start":{"line":38,"column":17},"end":{"line":38,"column":32}}],"line":36},"8":{"loc":{"start":{"line":37,"column":18},"end":{"line":37,"column":98}},"type":"cond-expr","locations":[{"start":{"line":37,"column":67},"end":{"line":37,"column":91}},{"start":{"line":37,"column":94},"end":{"line":37,"column":98}}],"line":37},"9":{"loc":{"start":{"line":37,"column":18},"end":{"line":37,"column":64}},"type":"binary-expr","locations":[{"start":{"line":37,"column":18},"end":{"line":37,"column":28}},{"start":{"line":37,"column":32},"end":{"line":37,"column":64}}],"line":37},"10":{"loc":{"start":{"line":40,"column":4},"end":{"line":51,"column":5}},"type":"if","locations":[{"start":{"line":40,"column":4},"end":{"line":51,"column":5}},{"start":{},"end":{}}],"line":40},"11":{"loc":{"start":{"line":58,"column":4},"end":{"line":60,"column":5}},"type":"if","locations":[{"start":{"line":58,"column":4},"end":{"line":60,"column":5}},{"start":{},"end":{}}],"line":58},"12":{"loc":{"start":{"line":64,"column":17},"end":{"line":64,"column":42}},"type":"binary-expr","locations":[{"start":{"line":64,"column":17},"end":{"line":64,"column":34}},{"start":{"line":64,"column":38},"end":{"line":64,"column":42}}],"line":64},"13":{"loc":{"start":{"line":67,"column":10},"end":{"line":67,"column":48}},"type":"binary-expr","locations":[{"start":{"line":67,"column":10},"end":{"line":67,"column":22}},{"start":{"line":67,"column":26},"end":{"line":67,"column":48}}],"line":67},"14":{"loc":{"start":{"line":75,"column":4},"end":{"line":79,"column":5}},"type":"if","locations":[{"start":{"line":75,"column":4},"end":{"line":79,"column":5}},{"start":{"line":77,"column":11},"end":{"line":79,"column":5}}],"line":75},"15":{"loc":{"start":{"line":77,"column":11},"end":{"line":79,"column":5}},"type":"if","locations":[{"start":{"line":77,"column":11},"end":{"line":79,"column":5}},{"start":{},"end":{}}],"line":77}},"s":{"0":0,"1":0,"2":0,"3":0,"4":0,"5":0,"6":0,"7":0,"8":0,"9":0,"10":0,"11":0,"12":0,"13":0,"14":0,"15":0,"16":0,"17":0,"18":0,"19":0,"20":0,"21":0,"22":0,"23":0,"24":0,"25":0,"26":0,"27":0,"28":0},"f":{"0":0},"b":{"0":[0,0],"1":[0,0],"2":[0,0,0],"3":[0,0],"4":[0,0],"5":[0,0],"6":[0,0],"7":[0,0,0],"8":[0,0],"9":[0,0],"10":[0,0],"11":[0,0],"12":[0,0],"13":[0,0],"14":[0,0],"15":[0,0]}}
,"/app/src/middlewares/reservas.middleware.js": {"path":"/app/src/middlewares/reservas.middleware.js","statementMap":{"0":{"start":{"line":4,"column":30},"end":{"line":34,"column":1}},"1":{"start":{"line":5,"column":21},"end":{"line":5,"column":46}},"2":{"start":{"line":6,"column":16},"end":{"line":7,"column":97}},"3":{"start":{"line":9,"column":2},"end":{"line":23,"column":3}},"4":{"start":{"line":10,"column":4},"end":{"line":22,"column":5}},"5":{"start":{"line":11,"column":22},"end":{"line":14,"column":8}},"6":{"start":{"line":16,"column":6},"end":{"line":19,"column":8}},"7":{"start":{"line":21,"column":6},"end":{"line":21,"column":65}},"8":{"start":{"line":25,"column":2},"end":{"line":31,"column":3}},"9":{"start":{"line":26,"column":4},"end":{"line":30,"column":7}},"10":{"start":{"line":33,"column":2},"end":{"line":33,"column":9}}},"fnMap":{"0":{"name":"(anonymous_0)","decl":{"start":{"line":4,"column":30},"end":{"line":4,"column":31}},"loc":{"start":{"line":4,"column":50},"end":{"line":34,"column":1}},"line":4}},"branchMap":{"0":{"loc":{"start":{"line":6,"column":16},"end":{"line":7,"column":97}},"type":"binary-expr","locations":[{"start":{"line":6,"column":16},"end":{"line":6,"column":34}},{"start":{"line":7,"column":16},"end":{"line":7,"column":96}}],"line":6},"1":{"loc":{"start":{"line":7,"column":16},"end":{"line":7,"column":96}},"type":"cond-expr","locations":[{"start":{"line":7,"column":65},"end":{"line":7,"column":89}},{"start":{"line":7,"column":92},"end":{"line":7,"column":96}}],"line":7},"2":{"loc":{"start":{"line":7,"column":16},"end":{"line":7,"column":62}},"type":"binary-expr","locations":[{"start":{"line":7,"column":16},"end":{"line":7,"column":26}},{"start":{"line":7,"column":30},"end":{"line":7,"column":62}}],"line":7},"3":{"loc":{"start":{"line":9,"column":2},"end":{"line":23,"column":3}},"type":"if","locations":[{"start":{"line":9,"column":2},"end":{"line":23,"column":3}},{"start":{},"end":{}}],"line":9},"4":{"loc":{"start":{"line":18,"column":12},"end":{"line":18,"column":50}},"type":"binary-expr","locations":[{"start":{"line":18,"column":12},"end":{"line":18,"column":24}},{"start":{"line":18,"column":28},"end":{"line":18,"column":50}}],"line":18},"5":{"loc":{"start":{"line":25,"column":2},"end":{"line":31,"column":3}},"type":"if","locations":[{"start":{"line":25,"column":2},"end":{"line":31,"column":3}},{"start":{},"end":{}}],"line":25},"6":{"loc":{"start":{"line":25,"column":6},"end":{"line":25,"column":56}},"type":"binary-expr","locations":[{"start":{"line":25,"column":6},"end":{"line":25,"column":15}},{"start":{"line":25,"column":20},"end":{"line":25,"column":35}},{"start":{"line":25,"column":39},"end":{"line":25,"column":55}}],"line":25}},"s":{"0":0,"1":0,"2":0,"3":0,"4":0,"5":0,"6":0,"7":0,"8":0,"9":0,"10":0},"f":{"0":0},"b":{"0":[0,0],"1":[0,0],"2":[0,0],"3":[0,0],"4":[0,0],"5":[0,0],"6":[0,0,0]}}
,"/app/src/middlewares/validator.middleware.js": {"path":"/app/src/middlewares/validator.middleware.js","statementMap":{"0":{"start":{"line":1,"column":30},"end":{"line":10,"column":1}},"1":{"start":{"line":1,"column":42},"end":{"line":10,"column":1}},"2":{"start":{"line":2,"column":2},"end":{"line":9,"column":3}},"3":{"start":{"line":3,"column":4},"end":{"line":3,"column":27}},"4":{"start":{"line":4,"column":4},"end":{"line":4,"column":11}},"5":{"start":{"line":6,"column":4},"end":{"line":8,"column":69}},"6":{"start":{"line":8,"column":51},"end":{"line":8,"column":64}}},"fnMap":{"0":{"name":"(anonymous_0)","decl":{"start":{"line":1,"column":30},"end":{"line":1,"column":31}},"loc":{"start":{"line":1,"column":42},"end":{"line":10,"column":1}},"line":1},"1":{"name":"(anonymous_1)","decl":{"start":{"line":1,"column":42},"end":{"line":1,"column":43}},"loc":{"start":{"line":1,"column":62},"end":{"line":10,"column":1}},"line":1},"2":{"name":"(anonymous_2)","decl":{"start":{"line":8,"column":40},"end":{"line":8,"column":41}},"loc":{"start":{"line":8,"column":51},"end":{"line":8,"column":64}},"line":8}},"branchMap":{},"s":{"0":0,"1":0,"2":0,"3":0,"4":0,"5":0,"6":0},"f":{"0":0,"1":0,"2":0},"b":{}}
,"/app/src/models/reserva.model.js": {"path":"/app/src/models/reserva.model.js","statementMap":{"0":{"start":{"line":3,"column":22},"end":{"line":17,"column":2}}},"fnMap":{},"branchMap":{},"s":{"0":0},"f":{},"b":{}}
,"/app/src/models/task.model.js": {"path":"/app/src/models/task.model.js","statementMap":{"0":{"start":{"line":3,"column":19},"end":{"line":25,"column":1}}},"fnMap":{},"branchMap":{},"s":{"0":0},"f":{},"b":{}}
,"/app/src/models/user.model.js": {"path":"/app/src/models/user.model.js","statementMap":{"0":{"start":{"line":3,"column":19},"end":{"line":28,"column":1}}},"fnMap":{},"branchMap":{},"s":{"0":0},"f":{},"b":{}}
,"/app/src/routes/auth.routes.js": {"path":"/app/src/routes/auth.routes.js","statementMap":{"0":{"start":{"line":11,"column":15},"end":{"line":11,"column":23}},"1":{"start":{"line":13,"column":0},"end":{"line":13,"column":67}},"2":{"start":{"line":14,"column":0},"end":{"line":14,"column":58}},"3":{"start":{"line":15,"column":0},"end":{"line":15,"column":35}},"4":{"start":{"line":16,"column":0},"end":{"line":16,"column":44}}},"fnMap":{},"branchMap":{},"s":{"0":0,"1":0,"2":0,"3":0,"4":0},"f":{},"b":{}}
,"/app/src/routes/payment.routes.js": {"path":"/app/src/routes/payment.routes.js","statementMap":{"0":{"start":{"line":7,"column":15},"end":{"line":7,"column":23}},"1":{"start":{"line":10,"column":0},"end":{"line":10,"column":52}},"2":{"start":{"line":13,"column":0},"end":{"line":13,"column":48}}},"fnMap":{},"branchMap":{},"s":{"0":0,"1":0,"2":0},"f":{},"b":{}}
,"/app/src/routes/reserva.routes.js": {"path":"/app/src/routes/reserva.routes.js","statementMap":{"0":{"start":{"line":5,"column":15},"end":{"line":5,"column":31}},"1":{"start":{"line":8,"column":0},"end":{"line":8,"column":53}},"2":{"start":{"line":11,"column":0},"end":{"line":11,"column":63}}},"fnMap":{},"branchMap":{},"s":{"0":0,"1":0,"2":0},"f":{},"b":{}}
,"/app/src/routes/tasks.routes.js": {"path":"/app/src/routes/tasks.routes.js","statementMap":{"0":{"start":{"line":13,"column":15},"end":{"line":13,"column":23}},"1":{"start":{"line":15,"column":0},"end":{"line":15,"column":37}},"2":{"start":{"line":17,"column":0},"end":{"line":17,"column":74}},"3":{"start":{"line":19,"column":0},"end":{"line":19,"column":40}},"4":{"start":{"line":21,"column":0},"end":{"line":21,"column":43}},"5":{"start":{"line":23,"column":0},"end":{"line":23,"column":46}}},"fnMap":{},"branchMap":{},"s":{"0":0,"1":0,"2":0,"3":0,"4":0,"5":0},"f":{},"b":{}}
,"/app/src/schemas/auth.schema.js": {"path":"/app/src/schemas/auth.schema.js","statementMap":{"0":{"start":{"line":3,"column":30},"end":{"line":25,"column":2}},"1":{"start":{"line":27,"column":27},"end":{"line":30,"column":2}}},"fnMap":{},"branchMap":{},"s":{"0":0,"1":0},"f":{},"b":{}}
,"/app/src/schemas/task.schema.js": {"path":"/app/src/schemas/task.schema.js","statementMap":{"0":{"start":{"line":3,"column":32},"end":{"line":9,"column":2}}},"fnMap":{},"branchMap":{},"s":{"0":0},"f":{},"b":{}}
}
